<?xml version="1.0" encoding="UTF-8"?>
<!-- Generated by org.testng.reporters.JUnitReportReporter -->
<testsuite hostname="KP" failures="0" tests="2" name="Tests.testExamples" time="4.365" errors="0" timestamp="2022-08-12T14:58:23 IST" skipped="0">
  <testcase classname="Tests.testExamples" name="test_1" time="3.170"/>
  <system-out/>
  <testcase classname="Tests.testExamples" name="test_2" time="1.195"/>
  <system-out/>
</testsuite> <!-- Tests.testExamples -->
